This is pdfTeX, Version 3.1415926-1.40.10 (MiKTeX 2.8) (preloaded format=pdflatex 2011.6.18)  27 JUN 2011 11:54
entering extended mode
**C:/Documents*and*Settings/Administrator/My*Documents/forensicEntomology/GCCFo
rensicEntBeamer2.tex

("C:/Documents and Settings/Administrator/My Documents/forensicEntomology/GCCFo
rensicEntBeamer2.tex"
LaTeX2e <2009/09/24>
Babel <v3.8l> and hyphenation patterns for english, dumylang, nohyphenation, ge
rman, ngerman, german-x-2009-06-19, ngerman-x-2009-06-19, french, loaded.

("C:\Documents and Settings\Administrator\Application Data\MiKTeX\2.8\tex\latex
\beamer\base\beamer.cls"
("C:\Documents and Settings\Administrator\Application Data\MiKTeX\2.8\tex\latex
\beamer\base\beamerbasercs.sty"
Package: beamerbasercs 2007/01/28 (rcs-revision 1.4)
)
Document Class: beamer 2007/03/11 cvs version 3.07 A class for typesetting pres
entations (rcs-revision 1.70)

("C:\Documents and Settings\Administrator\Application Data\MiKTeX\2.8\tex\latex
\beamer\base\beamerbasemodes.sty"
Package: beamerbasemodes 2007/01/28 (rcs-revision 1.22)
\beamer@tempbox=\box26
\beamer@tempcount=\count79
\c@beamerpauses=\count80

("C:\Documents and Settings\Administrator\Application Data\MiKTeX\2.8\tex\latex
\beamer\base\beamerbasedecode.sty"
Package: beamerbasedecode 2007/01/28 (rcs-revision 1.20)
\beamer@slideinframe=\count81
\beamer@minimum=\count82
)
\beamer@commentbox=\box27
\beamer@modecount=\count83
)
\headheight=\dimen102
\headdp=\dimen103
\footheight=\dimen104
\sidebarheight=\dimen105
\beamer@tempdim=\dimen106
\beamer@finalheight=\dimen107
\beamer@animht=\dimen108
\beamer@animdp=\dimen109
\beamer@animwd=\dimen110
\beamer@leftmargin=\dimen111
\beamer@rightmargin=\dimen112
\beamer@leftsidebar=\dimen113
\beamer@rightsidebar=\dimen114
\beamer@boxsize=\dimen115
\beamer@vboxoffset=\dimen116
\beamer@descdefault=\dimen117
\beamer@descriptionwidth=\dimen118
\beamer@lastskip=\skip41
\beamer@areabox=\box28
\beamer@animcurrent=\box29
\beamer@animshowbox=\box30
\beamer@sectionbox=\box31
\beamer@logobox=\box32
\beamer@linebox=\box33
\beamer@sectioncount=\count84
\beamer@subsubsectionmax=\count85
\beamer@subsectionmax=\count86
\beamer@sectionmax=\count87
\beamer@totalheads=\count88
\beamer@headcounter=\count89
\beamer@partstartpage=\count90
\beamer@sectionstartpage=\count91
\beamer@subsectionstartpage=\count92
\beamer@animationtempa=\count93
\beamer@animationtempb=\count94
\beamer@xpos=\count95
\beamer@ypos=\count96
\beamer@showpartnumber=\count97
\beamer@currentsubsection=\count98
\beamer@coveringdepth=\count99
\beamer@sectionadjust=\count100
\beamer@tocsectionnumber=\count101

("C:\Documents and Settings\Administrator\Application Data\MiKTeX\2.8\tex\latex
\beamer\base\beamerbaseoptions.sty"
Package: beamerbaseoptions 2007/01/28 (rcs-revision 1.8)

("C:\Program Files\MiKTeX 2.8\tex\latex\graphics\keyval.sty"
Package: keyval 1999/03/16 v1.13 key=value parser (DPC)
\KV@toks@=\toks14
))
("C:\Documents and Settings\Administrator\Application Data\MiKTeX\2.8\tex\latex
\pgf\basiclayer\pgfcore.sty"
("C:\Program Files\MiKTeX 2.8\tex\latex\graphics\graphicx.sty"
Package: graphicx 1999/02/16 v1.0f Enhanced LaTeX Graphics (DPC,SPQR)

("C:\Program Files\MiKTeX 2.8\tex\latex\graphics\graphics.sty"
Package: graphics 2009/02/05 v1.0o Standard LaTeX Graphics (DPC,SPQR)

("C:\Program Files\MiKTeX 2.8\tex\latex\graphics\trig.sty"
Package: trig 1999/03/16 v1.09 sin cos tan (DPC)
)
("C:\Program Files\MiKTeX 2.8\tex\latex\00miktex\graphics.cfg"
File: graphics.cfg 2007/01/18 v1.5 graphics configuration of teTeX/TeXLive
)
Package graphics Info: Driver file: pdftex.def on input line 91.

("C:\Program Files\MiKTeX 2.8\tex\latex\pdftex-def\pdftex.def"
File: pdftex.def 2010/02/14 v0.04n Graphics/color for pdfTeX
\Gread@gobject=\count102
))
\Gin@req@height=\dimen119
\Gin@req@width=\dimen120
)
("C:\Documents and Settings\Administrator\Application Data\MiKTeX\2.8\tex\latex
\pgf\systemlayer\pgfsys.sty"
("C:\Documents and Settings\Administrator\Application Data\MiKTeX\2.8\tex\latex
\pgf\utilities\pgfrcs.sty"
("C:\Documents and Settings\Administrator\Application Data\MiKTeX\2.8\tex\gener
ic\pgf\utilities\pgfutil-common.tex"
\pgfutil@everybye=\toks15
)
("C:\Documents and Settings\Administrator\Application Data\MiKTeX\2.8\tex\gener
ic\pgf\utilities\pgfutil-latex.def")
("C:\Documents and Settings\Administrator\Application Data\MiKTeX\2.8\tex\gener
ic\pgf\utilities\pgfrcs.code.tex"
Package: pgfrcs 2008/02/20 v2.00 (rcs-revision 1.21)
))
("C:\Documents and Settings\Administrator\Application Data\MiKTeX\2.8\tex\gener
ic\pgf\systemlayer\pgfsys.code.tex"
Package: pgfsys 2008/02/07 v2.00 (rcs-revision 1.31)

("C:\Documents and Settings\Administrator\Application Data\MiKTeX\2.8\tex\gener
ic\pgf\utilities\pgfkeys.code.tex"
\pgfkeys@pathtoks=\toks16
\pgfkeys@temptoks=\toks17
)
\pgf@x=\dimen121
\pgf@y=\dimen122
\pgf@xa=\dimen123
\pgf@ya=\dimen124
\pgf@xb=\dimen125
\pgf@yb=\dimen126
\pgf@xc=\dimen127
\pgf@yc=\dimen128
\c@pgf@counta=\count103
\c@pgf@countb=\count104
\c@pgf@countc=\count105
\c@pgf@countd=\count106

("C:\Documents and Settings\Administrator\Application Data\MiKTeX\2.8\tex\gener
ic\pgf\systemlayer\pgf.cfg"
File: pgf.cfg 2008/01/13  (rcs-revision 1.6)
)
Package pgfsys Info: Driver file for pgf: pgfsys-pdftex.def on input line 885.

("C:\Documents and Settings\Administrator\Application Data\MiKTeX\2.8\tex\gener
ic\pgf\systemlayer\pgfsys-pdftex.def"
File: pgfsys-pdftex.def 2007/12/20  (rcs-revision 1.20)

("C:\Documents and Settings\Administrator\Application Data\MiKTeX\2.8\tex\gener
ic\pgf\systemlayer\pgfsys-common-pdf.def"
File: pgfsys-common-pdf.def 2007/12/17  (rcs-revision 1.8)
)))
("C:\Documents and Settings\Administrator\Application Data\MiKTeX\2.8\tex\gener
ic\pgf\systemlayer\pgfsyssoftpath.code.tex"
File: pgfsyssoftpath.code.tex 2008/01/23  (rcs-revision 1.6)
\pgfsyssoftpath@smallbuffer@items=\count107
\pgfsyssoftpath@bigbuffer@items=\count108
)
("C:\Documents and Settings\Administrator\Application Data\MiKTeX\2.8\tex\gener
ic\pgf\systemlayer\pgfsysprotocol.code.tex"
File: pgfsysprotocol.code.tex 2006/10/16  (rcs-revision 1.4)
))
("C:\Documents and Settings\Administrator\Application Data\MiKTeX\2.8\tex\latex
\xcolor\xcolor.sty"
Package: xcolor 2007/01/21 v2.11 LaTeX color extensions (UK)
 ("C:\Program Files\MiKTeX 2.8\tex\latex\00miktex\color.cfg"
File: color.cfg 2007/01/18 v1.5 color configuration of teTeX/TeXLive
)
Package xcolor Info: Driver file: pdftex.def on input line 225.
Package xcolor Info: Model `cmy' substituted by `cmy0' on input line 1337.
Package xcolor Info: Model `hsb' substituted by `rgb' on input line 1341.
Package xcolor Info: Model `RGB' extended on input line 1353.
Package xcolor Info: Model `HTML' substituted by `rgb' on input line 1355.
Package xcolor Info: Model `Hsb' substituted by `hsb' on input line 1356.
Package xcolor Info: Model `tHsb' substituted by `hsb' on input line 1357.
Package xcolor Info: Model `HSB' substituted by `hsb' on input line 1358.
Package xcolor Info: Model `Gray' substituted by `gray' on input line 1359.
Package xcolor Info: Model `wave' substituted by `hsb' on input line 1360.
)
("C:\Documents and Settings\Administrator\Application Data\MiKTeX\2.8\tex\gener
ic\pgf\basiclayer\pgfcore.code.tex"
Package: pgfcore 2008/01/15 v2.00 (rcs-revision 1.6)

("C:\Documents and Settings\Administrator\Application Data\MiKTeX\2.8\tex\gener
ic\pgf\math\pgfmath.code.tex"
("C:\Documents and Settings\Administrator\Application Data\MiKTeX\2.8\tex\gener
ic\pgf\math\pgfmathcalc.code.tex"
("C:\Documents and Settings\Administrator\Application Data\MiKTeX\2.8\tex\gener
ic\pgf\math\pgfmathutil.code.tex"
\pgfmath@box=\box34
)
("C:\Documents and Settings\Administrator\Application Data\MiKTeX\2.8\tex\gener
ic\pgf\math\pgfmathparser.code.tex"
\pgfmath@stack=\toks18
\c@pgfmath@parsecounta=\count109
\c@pgfmath@parsecountb=\count110
\c@pgfmath@parsecountc=\count111
\pgfmath@parsex=\dimen129
)
("C:\Documents and Settings\Administrator\Application Data\MiKTeX\2.8\tex\gener
ic\pgf\math\pgfmathoperations.code.tex"
("C:\Documents and Settings\Administrator\Application Data\MiKTeX\2.8\tex\gener
ic\pgf\math\pgfmathtrig.code.tex")
("C:\Documents and Settings\Administrator\Application Data\MiKTeX\2.8\tex\gener
ic\pgf\math\pgfmathrnd.code.tex"))
("C:\Documents and Settings\Administrator\Application Data\MiKTeX\2.8\tex\gener
ic\pgf\math\pgfmathbase.code.tex")))
("C:\Documents and Settings\Administrator\Application Data\MiKTeX\2.8\tex\gener
ic\pgf\basiclayer\pgfcorepoints.code.tex"
File: pgfcorepoints.code.tex 2008/02/03  (rcs-revision 1.13)
\pgf@picminx=\dimen130
\pgf@picmaxx=\dimen131
\pgf@picminy=\dimen132
\pgf@picmaxy=\dimen133
\pgf@pathminx=\dimen134
\pgf@pathmaxx=\dimen135
\pgf@pathminy=\dimen136
\pgf@pathmaxy=\dimen137
\pgf@xx=\dimen138
\pgf@xy=\dimen139
\pgf@yx=\dimen140
\pgf@yy=\dimen141
\pgf@zx=\dimen142
\pgf@zy=\dimen143
)
("C:\Documents and Settings\Administrator\Application Data\MiKTeX\2.8\tex\gener
ic\pgf\basiclayer\pgfcorepathconstruct.code.tex"
File: pgfcorepathconstruct.code.tex 2008/02/13  (rcs-revision 1.14)
\pgf@path@lastx=\dimen144
\pgf@path@lasty=\dimen145
)
("C:\Documents and Settings\Administrator\Application Data\MiKTeX\2.8\tex\gener
ic\pgf\basiclayer\pgfcorepathusage.code.tex"
File: pgfcorepathusage.code.tex 2008/01/23  (rcs-revision 1.11)
\pgf@shorten@end@additional=\dimen146
\pgf@shorten@start@additional=\dimen147
)
("C:\Documents and Settings\Administrator\Application Data\MiKTeX\2.8\tex\gener
ic\pgf\basiclayer\pgfcorescopes.code.tex"
File: pgfcorescopes.code.tex 2008/01/15  (rcs-revision 1.26)
\pgfpic=\box35
\pgf@hbox=\box36
\pgf@layerbox@main=\box37
\pgf@picture@serial@count=\count112
)
("C:\Documents and Settings\Administrator\Application Data\MiKTeX\2.8\tex\gener
ic\pgf\basiclayer\pgfcoregraphicstate.code.tex"
File: pgfcoregraphicstate.code.tex 2007/12/12  (rcs-revision 1.8)
\pgflinewidth=\dimen148
)
("C:\Documents and Settings\Administrator\Application Data\MiKTeX\2.8\tex\gener
ic\pgf\basiclayer\pgfcoretransformations.code.tex"
File: pgfcoretransformations.code.tex 2008/02/04  (rcs-revision 1.10)
\pgf@pt@x=\dimen149
\pgf@pt@y=\dimen150
\pgf@pt@temp=\dimen151
)
("C:\Documents and Settings\Administrator\Application Data\MiKTeX\2.8\tex\gener
ic\pgf\basiclayer\pgfcorequick.code.tex"
File: pgfcorequick.code.tex 2006/10/11  (rcs-revision 1.2)
)
("C:\Documents and Settings\Administrator\Application Data\MiKTeX\2.8\tex\gener
ic\pgf\basiclayer\pgfcoreobjects.code.tex"
File: pgfcoreobjects.code.tex 2006/10/11  (rcs-revision 1.2)
)
("C:\Documents and Settings\Administrator\Application Data\MiKTeX\2.8\tex\gener
ic\pgf\basiclayer\pgfcorepathprocessing.code.tex"
File: pgfcorepathprocessing.code.tex 2008/01/23  (rcs-revision 1.7)
)
("C:\Documents and Settings\Administrator\Application Data\MiKTeX\2.8\tex\gener
ic\pgf\basiclayer\pgfcorearrows.code.tex"
File: pgfcorearrows.code.tex 2007/06/07  (rcs-revision 1.8)
)
("C:\Documents and Settings\Administrator\Application Data\MiKTeX\2.8\tex\gener
ic\pgf\basiclayer\pgfcoreshade.code.tex"
File: pgfcoreshade.code.tex 2007/12/10  (rcs-revision 1.9)
\pgf@max=\dimen152
\pgf@sys@shading@range@num=\count113
)
("C:\Documents and Settings\Administrator\Application Data\MiKTeX\2.8\tex\gener
ic\pgf\basiclayer\pgfcoreimage.code.tex"
File: pgfcoreimage.code.tex 2008/01/15  (rcs-revision 1.1)
\pgfexternal@startupbox=\box38
)
("C:\Documents and Settings\Administrator\Application Data\MiKTeX\2.8\tex\gener
ic\pgf\basiclayer\pgfcorelayers.code.tex"
File: pgfcorelayers.code.tex 2008/01/15  (rcs-revision 1.1)
)
("C:\Documents and Settings\Administrator\Application Data\MiKTeX\2.8\tex\gener
ic\pgf\basiclayer\pgfcoretransparency.code.tex"
File: pgfcoretransparency.code.tex 2008/01/17  (rcs-revision 1.2)
)
("C:\Documents and Settings\Administrator\Application Data\MiKTeX\2.8\tex\gener
ic\pgf\basiclayer\pgfcorepatterns.code.tex"
File: pgfcorepatterns.code.tex 2008/01/15  (rcs-revision 1.1)
)))
("C:\Documents and Settings\Administrator\Application Data\MiKTeX\2.8\tex\latex
\pgf\basiclayer\pgfbaseimage.sty"

Package pgf Warning: This package is obsolete and no longer needed on input lin
e 13.

)
("C:\Documents and Settings\Administrator\Application Data\MiKTeX\2.8\tex\latex
\pgf\utilities\xxcolor.sty"
Package: xxcolor 2003/10/24 ver 0.1
\XC@nummixins=\count114
\XC@countmixins=\count115
)
("C:\Program Files\MiKTeX 2.8\tex\latex\amsfonts\amssymb.sty"
Package: amssymb 2009/06/22 v3.00

("C:\Program Files\MiKTeX 2.8\tex\latex\amsfonts\amsfonts.sty"
Package: amsfonts 2009/06/22 v3.00 Basic AMSFonts support
\@emptytoks=\toks19
\symAMSa=\mathgroup4
\symAMSb=\mathgroup5
LaTeX Font Info:    Overwriting math alphabet `\mathfrak' in version `bold'
(Font)                  U/euf/m/n --> U/euf/b/n on input line 96.
))
("C:\Program Files\MiKTeX 2.8\tex\latex\geometry\geometry.sty"
Package: geometry 2010/03/13 v5.3 Page Geometry

("C:\Program Files\MiKTeX 2.8\tex\generic\oberdiek\ifpdf.sty"
Package: ifpdf 2010/01/28 v2.1 Provides the ifpdf switch (HO)
Package ifpdf Info: pdfTeX in pdf mode detected.
)
("C:\Program Files\MiKTeX 2.8\tex\generic\oberdiek\ifvtex.sty"
Package: ifvtex 2010/03/01 v1.5 Switches for detecting VTeX and its modes (HO)
Package ifvtex Info: VTeX not detected.
)
\Gm@cnth=\count116
\Gm@cntv=\count117
\c@Gm@tempcnt=\count118
\Gm@bindingoffset=\dimen153
\Gm@wd@mp=\dimen154
\Gm@odd@mp=\dimen155
\Gm@even@mp=\dimen156
\Gm@layoutwidth=\dimen157
\Gm@layoutheight=\dimen158
\Gm@layouthoffset=\dimen159
\Gm@layoutvoffset=\dimen160
\Gm@dimlist=\toks20

("C:\Program Files\MiKTeX 2.8\tex\latex\geometry\geometry.cfg"))
("C:\Program Files\MiKTeX 2.8\tex\latex\hyperref\hyperref.sty"
Package: hyperref 2010/03/29 v6.80t Hypertext links for LaTeX

("C:\Program Files\MiKTeX 2.8\tex\generic\oberdiek\ltxcmds.sty"
Package: ltxcmds 2010/03/09 v1.4 LaTeX kernel commands for general use (HO)
)
("C:\Program Files\MiKTeX 2.8\tex\generic\oberdiek\kvsetkeys.sty"
Package: kvsetkeys 2010/03/01 v1.9 Key value parser (HO)

("C:\Program Files\MiKTeX 2.8\tex\generic\oberdiek\infwarerr.sty"
Package: infwarerr 2007/09/09 v1.2 Providing info/warning/message (HO)
)
("C:\Program Files\MiKTeX 2.8\tex\generic\oberdiek\etexcmds.sty"
Package: etexcmds 2010/01/28 v1.3 Prefix for e-TeX command names (HO)
Package etexcmds Info: Could not find \expanded.
(etexcmds)             That can mean that you are not using pdfTeX 1.50 or
(etexcmds)             that some package has redefined \expanded.
(etexcmds)             In the latter case, load this package earlier.
))
("C:\Program Files\MiKTeX 2.8\tex\generic\oberdiek\pdfescape.sty"
Package: pdfescape 2010/03/01 v1.9 Provides hex, PDF name and string conversion
s (HO)

("C:\Program Files\MiKTeX 2.8\tex\generic\oberdiek\pdftexcmds.sty"
Package: pdftexcmds 2010/03/01 v0.8 Utility functions of pdfTeX for LuaTeX (HO)


("C:\Program Files\MiKTeX 2.8\tex\generic\oberdiek\ifluatex.sty"
Package: ifluatex 2010/03/01 v1.3 Provides the ifluatex switch (HO)
Package ifluatex Info: LuaTeX not detected.
)
Package pdftexcmds Info: LuaTeX not detected.
Package pdftexcmds Info: \pdf@primitive is available.
Package pdftexcmds Info: \pdf@ifprimitive is available.
))
("C:\Program Files\MiKTeX 2.8\tex\latex\ifxetex\ifxetex.sty"
Package: ifxetex 2009/01/23 v0.5 Provides ifxetex conditional
)
("C:\Program Files\MiKTeX 2.8\tex\latex\oberdiek\hycolor.sty"
Package: hycolor 2009/12/12 v1.6 Color options of hyperref/bookmark (HO)

("C:\Program Files\MiKTeX 2.8\tex\latex\oberdiek\xcolor-patch.sty"
Package: xcolor-patch 2009/12/12 xcolor patch
))
("C:\Program Files\MiKTeX 2.8\tex\latex\oberdiek\letltxmacro.sty"
Package: letltxmacro 2008/06/24 v1.3 Let assignment for LaTeX macros (HO)
)
\@linkdim=\dimen161
\Hy@linkcounter=\count119
\Hy@pagecounter=\count120

("C:\Program Files\MiKTeX 2.8\tex\latex\hyperref\pd1enc.def"
File: pd1enc.def 2010/03/29 v6.80t Hyperref: PDFDocEncoding definition (HO)
)
("C:\Program Files\MiKTeX 2.8\tex\generic\oberdiek\intcalc.sty"
Package: intcalc 2007/09/27 v1.1 Expandable integer calculations (HO)
)
("C:\Program Files\MiKTeX 2.8\tex\latex\00miktex\hyperref.cfg"
File: hyperref.cfg 2002/06/06 v1.2 hyperref configuration of TeXLive
)
("C:\Program Files\MiKTeX 2.8\tex\latex\oberdiek\kvoptions.sty"
Package: kvoptions 2010/02/22 v3.7 Keyval support for LaTeX options (HO)
)
Package hyperref Info: Option `bookmarks' set `true' on input line 3522.
Package hyperref Info: Option `bookmarksopen' set `true' on input line 3522.
Package hyperref Info: Option `bookmarks' set `false' on input line 3522.
Package hyperref Info: Option `implicit' set `false' on input line 3522.
Package hyperref Info: Hyper figures OFF on input line 3603.
Package hyperref Info: Link nesting OFF on input line 3608.
Package hyperref Info: Hyper index ON on input line 3611.
Package hyperref Info: Plain pages OFF on input line 3618.
Package hyperref Info: Backreferencing OFF on input line 3623.

Implicit mode OFF; no redefinition of LaTeX internals
Package hyperref Info: Bookmarks OFF on input line 3825.
("C:\Program Files\MiKTeX 2.8\tex\latex\ltxmisc\url.sty"
\Urlmuskip=\muskip10
Package: url 2006/04/12  ver 3.3  Verb mode for urls, etc.
)
LaTeX Info: Redefining \url on input line 4099.

("C:\Program Files\MiKTeX 2.8\tex\generic\oberdiek\bitset.sty"
Package: bitset 2007/09/28 v1.0 Data type bit set (HO)

("C:\Program Files\MiKTeX 2.8\tex\generic\oberdiek\bigintcalc.sty"
Package: bigintcalc 2007/11/11 v1.1 Expandable big integer calculations (HO)
))
\Fld@menulength=\count121
\Field@Width=\dimen162
\Fld@charsize=\dimen163
\Field@toks=\toks21
Package hyperref Info: Hyper figures OFF on input line 5077.
Package hyperref Info: Link nesting OFF on input line 5082.
Package hyperref Info: Hyper index ON on input line 5085.
Package hyperref Info: backreferencing OFF on input line 5092.
Package hyperref Info: Link coloring OFF on input line 5097.
Package hyperref Info: Link coloring with OCG OFF on input line 5102.
Package hyperref Info: PDF/A mode OFF on input line 5107.
LaTeX Info: Redefining \ref on input line 5147.
LaTeX Info: Redefining \pageref on input line 5151.

("C:\Program Files\MiKTeX 2.8\tex\generic\oberdiek\atbegshi.sty"
Package: atbegshi 2010/03/25 v1.12 At begin shipout hook (HO)
)

Package hyperref Warning: Option `pdfpagelabels' is turned off
(hyperref)                because \thepage is undefined.

Hyperref stopped early
)
* hyperref using default driver hpdftex *
("C:\Program Files\MiKTeX 2.8\tex\latex\hyperref\hpdftex.def"
File: hpdftex.def 2010/03/29 v6.80t Hyperref driver for pdfTeX
\Fld@listcount=\count122
\c@bookmark@seq@number=\count123

("C:\Program Files\MiKTeX 2.8\tex\latex\oberdiek\rerunfilecheck.sty"
Package: rerunfilecheck 2010/03/16 v1.6 Rerun checks for auxiliary files (HO)

("C:\Program Files\MiKTeX 2.8\tex\latex\oberdiek\atveryend.sty"
Package: atveryend 2010/03/24 v1.5 Hooks at very end of document (HO)
Package atveryend Info: \enddocument detected (standard).
)
("C:\Program Files\MiKTeX 2.8\tex\generic\oberdiek\uniquecounter.sty"
Package: uniquecounter 2009/12/18 v1.1 Provides unlimited unique counter (HO)
)
Package uniquecounter Info: New unique counter `rerunfilecheck' on input line 2
71.
))
("C:\Program Files\MiKTeX 2.8\tex\latex\base\size11.clo"
File: size11.clo 2007/10/19 v1.4h Standard LaTeX file (size option)
)
("C:\Documents and Settings\Administrator\Application Data\MiKTeX\2.8\tex\latex
\beamer\base\beamerbasecompatibility.sty"
Package: beamerbasecompatibility 2007/01/28  (rcs-revision 1.63)
)
("C:\Documents and Settings\Administrator\Application Data\MiKTeX\2.8\tex\latex
\beamer\base\beamerbasefont.sty"
Package: beamerbasefont 2007/01/28  (rcs-revision 1.16)
)
("C:\Documents and Settings\Administrator\Application Data\MiKTeX\2.8\tex\latex
\beamer\base\beamerbasemisc.sty"
Package: beamerbasemisc 2007/01/28  (rcs-revision 1.24)
)
("C:\Documents and Settings\Administrator\Application Data\MiKTeX\2.8\tex\latex
\beamer\base\beamerbasetwoscreens.sty"
Package: beamerbasetwoscreens 2007/01/28  (rcs-revision 1.7)
)
("C:\Documents and Settings\Administrator\Application Data\MiKTeX\2.8\tex\latex
\beamer\base\beamerbaseoverlay.sty"
Package: beamerbaseoverlay 2007/01/28  (rcs-revision 1.50)
\beamer@argscount=\count124
\beamer@lastskipcover=\skip42
\beamer@trivlistdepth=\count125
)
("C:\Documents and Settings\Administrator\Application Data\MiKTeX\2.8\tex\latex
\beamer\base\beamerbasetitle.sty"
Package: beamerbasetitle 2007/01/28  (rcs-revision 1.25)
)
("C:\Documents and Settings\Administrator\Application Data\MiKTeX\2.8\tex\latex
\beamer\base\beamerbasesection.sty"
Package: beamerbasesection 2007/01/28  (rcs-revision 1.21)
\c@lecture=\count126
\c@part=\count127
\c@section=\count128
\c@subsection=\count129
\c@subsubsection=\count130
)
("C:\Documents and Settings\Administrator\Application Data\MiKTeX\2.8\tex\latex
\beamer\base\beamerbaseframe.sty"
Package: beamerbaseframe 2007/01/28  (rcs-revision 1.60)
\beamer@framebox=\box39
\beamer@frametitlebox=\box40
\beamer@zoombox=\box41
\beamer@zoomcount=\count131
\beamer@zoomframecount=\count132
\beamer@frametextheight=\dimen164
\c@subsectionslide=\count133
\beamer@frametopskip=\skip43
\beamer@framebottomskip=\skip44
\beamer@frametopskipautobreak=\skip45
\beamer@framebottomskipautobreak=\skip46
\beamer@envbody=\toks22
\c@framenumber=\count134
)
("C:\Documents and Settings\Administrator\Application Data\MiKTeX\2.8\tex\latex
\beamer\base\beamerbaseverbatim.sty"
Package: beamerbaseverbatim 2007/01/28  (rcs-revision 1.8)
\beamer@verbatimfileout=\write3
)
("C:\Documents and Settings\Administrator\Application Data\MiKTeX\2.8\tex\latex
\beamer\base\beamerbaseframesize.sty"
Package: beamerbaseframesize 2007/01/28  (rcs-revision 1.18)
\beamer@splitbox=\box42
\beamer@autobreakcount=\count135
\beamer@autobreaklastheight=\dimen165
\beamer@frametitletoks=\toks23
\beamer@framesubtitletoks=\toks24
)
("C:\Documents and Settings\Administrator\Application Data\MiKTeX\2.8\tex\latex
\beamer\base\beamerbaseframecomponents.sty"
Package: beamerbaseframecomponents 2007/01/28  (rcs-revision 1.41)
\beamer@footins=\box43
)
("C:\Documents and Settings\Administrator\Application Data\MiKTeX\2.8\tex\latex
\beamer\base\beamerbasecolor.sty"
Package: beamerbasecolor 2007/01/28  (rcs-revision 1.42)
)
("C:\Documents and Settings\Administrator\Application Data\MiKTeX\2.8\tex\latex
\beamer\base\beamerbasenotes.sty"
Package: beamerbasenotes 2007/01/28  (rcs-revision 1.23)
\beamer@frameboxcopy=\box44
)
("C:\Documents and Settings\Administrator\Application Data\MiKTeX\2.8\tex\latex
\beamer\base\beamerbasetoc.sty"
Package: beamerbasetoc 2007/01/28  (rcs-revision 1.21)
)
("C:\Documents and Settings\Administrator\Application Data\MiKTeX\2.8\tex\latex
\beamer\base\beamerbasetemplates.sty"
Package: beamerbasetemplates 2007/01/28  (rcs-revision 1.51)
\beamer@sbttoks=\toks25

("C:\Documents and Settings\Administrator\Application Data\MiKTeX\2.8\tex\latex
\beamer\base\beamerbaseauxtemplates.sty"
Package: beamerbaseauxtemplates 2007/01/28  (rcs-revision 1.28)

("C:\Documents and Settings\Administrator\Application Data\MiKTeX\2.8\tex\latex
\beamer\base\beamerbaseboxes.sty"
Package: beamerbaseboxes 2007/03/11  (rcs-revision 1.32)
\bmb@box=\box45
\bmb@colorbox=\box46
\bmb@boxshadow=\box47
\bmb@boxshadowball=\box48
\bmb@boxshadowballlarge=\box49
\bmb@temp=\dimen166
\bmb@dima=\dimen167
\bmb@dimb=\dimen168
\bmb@prevheight=\dimen169
)
\beamer@blockheadheight=\dimen170
))
("C:\Documents and Settings\Administrator\Application Data\MiKTeX\2.8\tex\latex
\beamer\base\beamerbaselocalstructure.sty"
Package: beamerbaselocalstructure 2007/01/28  (rcs-revision 1.53)

("C:\Program Files\MiKTeX 2.8\tex\latex\tools\enumerate.sty"
Package: enumerate 1999/03/05 v3.00 enumerate extensions (DPC)
\@enLab=\toks26
)
\c@figure=\count136
\c@table=\count137
\abovecaptionskip=\skip47
\belowcaptionskip=\skip48
)
("C:\Documents and Settings\Administrator\Application Data\MiKTeX\2.8\tex\latex
\beamer\base\beamerbasenavigation.sty"
Package: beamerbasenavigation 2007/01/28  (rcs-revision 1.36)
)
("C:\Documents and Settings\Administrator\Application Data\MiKTeX\2.8\tex\latex
\beamer\base\beamerbasetheorems.sty"
Package: beamerbasetheorems 2007/01/28  (rcs-revision 1.10)

("C:\Documents and Settings\Administrator\Application Data\MiKTeX\2.8\tex\latex
\translator\base\translator.sty"
Package: translator 2007/03/11 ver 1.00

("C:\Documents and Settings\Administrator\Application Data\MiKTeX\2.8\tex\latex
\translator\base\translator-language-mappings.tex"))
("C:\Program Files\MiKTeX 2.8\tex\latex\ams\math\amsmath.sty"
Package: amsmath 2000/07/18 v2.13 AMS math features
\@mathmargin=\skip49

For additional information on amsmath, use the `?' option.
("C:\Program Files\MiKTeX 2.8\tex\latex\ams\math\amstext.sty"
Package: amstext 2000/06/29 v2.01

("C:\Program Files\MiKTeX 2.8\tex\latex\ams\math\amsgen.sty"
File: amsgen.sty 1999/11/30 v2.0
\@emptytoks=\toks27
\ex@=\dimen171
))
("C:\Program Files\MiKTeX 2.8\tex\latex\ams\math\amsbsy.sty"
Package: amsbsy 1999/11/29 v1.2d
\pmbraise@=\dimen172
)
("C:\Program Files\MiKTeX 2.8\tex\latex\ams\math\amsopn.sty"
Package: amsopn 1999/12/14 v2.01 operator names
)
\inf@bad=\count138
LaTeX Info: Redefining \frac on input line 211.
\uproot@=\count139
\leftroot@=\count140
LaTeX Info: Redefining \overline on input line 307.
\classnum@=\count141
\DOTSCASE@=\count142
LaTeX Info: Redefining \ldots on input line 379.
LaTeX Info: Redefining \dots on input line 382.
LaTeX Info: Redefining \cdots on input line 467.
\Mathstrutbox@=\box50
\strutbox@=\box51
\big@size=\dimen173
LaTeX Font Info:    Redeclaring font encoding OML on input line 567.
LaTeX Font Info:    Redeclaring font encoding OMS on input line 568.
\macc@depth=\count143
\c@MaxMatrixCols=\count144
\dotsspace@=\muskip11
\c@parentequation=\count145
\dspbrk@lvl=\count146
\tag@help=\toks28
\row@=\count147
\column@=\count148
\maxfields@=\count149
\andhelp@=\toks29
\eqnshift@=\dimen174
\alignsep@=\dimen175
\tagshift@=\dimen176
\tagwidth@=\dimen177
\totwidth@=\dimen178
\lineht@=\dimen179
\@envbody=\toks30
\multlinegap=\skip50
\multlinetaggap=\skip51
\mathdisplay@stack=\toks31
LaTeX Info: Redefining \[ on input line 2666.
LaTeX Info: Redefining \] on input line 2667.
)
("C:\Program Files\MiKTeX 2.8\tex\latex\ams\classes\amsthm.sty"
Package: amsthm 2004/08/06 v2.20
\thm@style=\toks32
\thm@bodyfont=\toks33
\thm@headfont=\toks34
\thm@notefont=\toks35
\thm@headpunct=\toks36
\thm@preskip=\skip52
\thm@postskip=\skip53
\thm@headsep=\skip54
\dth@everypar=\toks37
)
\c@theorem=\count150
)
("C:\Documents and Settings\Administrator\Application Data\MiKTeX\2.8\tex\latex
\beamer\base\beamerbasethemes.sty"
Package: beamerbasethemes 2007/01/28  (rcs-revision 1.10)
)
("C:\Documents and Settings\Administrator\Application Data\MiKTeX\2.8\tex\latex
\beamer\themes\theme\beamerthemedefault.sty"
Package: beamerthemedefault 2007/01/28  (rcs-revision 1.7)

("C:\Documents and Settings\Administrator\Application Data\MiKTeX\2.8\tex\latex
\beamer\themes\font\beamerfontthemedefault.sty"
Package: beamerfontthemedefault 2007/01/28  (rcs-revision 1.13)
)
("C:\Documents and Settings\Administrator\Application Data\MiKTeX\2.8\tex\latex
\beamer\themes\color\beamercolorthemedefault.sty"
Package: beamercolorthemedefault 2007/01/28  (rcs-revision 1.28)
)
("C:\Documents and Settings\Administrator\Application Data\MiKTeX\2.8\tex\latex
\beamer\themes\inner\beamerinnerthemedefault.sty"
Package: beamerinnerthemedefault 2007/01/28  (rcs-revision 1.20)
\beamer@dima=\dimen180
\beamer@dimb=\dimen181
)
("C:\Documents and Settings\Administrator\Application Data\MiKTeX\2.8\tex\latex
\beamer\themes\outer\beamerouterthemedefault.sty"
Package: beamerouterthemedefault 2007/01/28  (rcs-revision 1.14)
)))
("C:\Documents and Settings\Administrator\Application Data\MiKTeX\2.8\tex\latex
\pdfpages\pdfpages.sty"
Package: pdfpages 2010/01/12 v0.4j Insert pages of external PDF documents (AM)
 ("C:\Program Files\MiKTeX 2.8\tex\latex\base\ifthen.sty"
Package: ifthen 2001/05/26 v1.1c Standard LaTeX ifthen package (DPC)
) ("C:\Program Files\MiKTeX 2.8\tex\latex\tools\calc.sty"
Package: calc 2007/08/22 v4.3 Infix arithmetic (KKT,FJ)
\calc@Acount=\count151
\calc@Bcount=\count152
\calc@Adimen=\dimen182
\calc@Bdimen=\dimen183
\calc@Askip=\skip55
\calc@Bskip=\skip56
LaTeX Info: Redefining \setlength on input line 76.
LaTeX Info: Redefining \addtolength on input line 77.
\calc@Ccount=\count153
\calc@Cskip=\skip57
)
("C:\Documents and Settings\Administrator\Application Data\MiKTeX\2.8\tex\latex
\eso-pic\eso-pic.sty"
Package: eso-pic 2009/10/07 v2.0a eso-pic (RN)
)
("C:\Documents and Settings\Administrator\Application Data\MiKTeX\2.8\tex\latex
\pdfpages\pppdftex.def"
File: pppdftex.def 2010/01/12 v0.4j Pdfpages driver for pdfTeX (AM)
)
\AM@pagebox=\box52
\AM@toc@title=\toks38
\c@AM@survey=\count154
\AM@templatesizebox=\box53
)
("C:\Documents and Settings\Administrator\My Documents\forensicEntomology\GCCFo
rensicEntBeamer2.aux")
LaTeX Font Info:    Checking defaults for OML/cmm/m/it on input line 3.
LaTeX Font Info:    ... okay on input line 3.
LaTeX Font Info:    Checking defaults for T1/cmr/m/n on input line 3.
LaTeX Font Info:    ... okay on input line 3.
LaTeX Font Info:    Checking defaults for OT1/cmr/m/n on input line 3.
LaTeX Font Info:    ... okay on input line 3.
LaTeX Font Info:    Checking defaults for OMS/cmsy/m/n on input line 3.
LaTeX Font Info:    ... okay on input line 3.
LaTeX Font Info:    Checking defaults for OMX/cmex/m/n on input line 3.
LaTeX Font Info:    ... okay on input line 3.
LaTeX Font Info:    Checking defaults for U/cmr/m/n on input line 3.
LaTeX Font Info:    ... okay on input line 3.
LaTeX Font Info:    Checking defaults for PD1/pdf/m/n on input line 3.
LaTeX Font Info:    ... okay on input line 3.

("C:\Program Files\MiKTeX 2.8\tex\context\base\supp-pdf.tex"
[Loading MPS to PDF converter (version 2006.09.02).]
\scratchcounter=\count155
\scratchdimen=\dimen184
\scratchbox=\box54
\nofMPsegments=\count156
\nofMParguments=\count157
\everyMPshowfont=\toks39
\MPscratchCnt=\count158
\MPscratchDim=\dimen185
\MPnumerator=\count159
\everyMPtoPDFconversion=\toks40
)
*geometry* driver: auto-detecting
*geometry* detected driver: pdftex
*geometry* verbose mode - [ preamble ] result:
* driver: pdftex
* paper: 364.19536pt, 273.14662pt (class default)
* layout: 364.19536pt, 273.14662pt
* switch(es): includehead includefoot 
* h-part:(L,W,R)=(28.45274pt, 307.28987pt, 28.45274pt)
* v-part:(T,H,B)=(0.0pt, 273.14662pt, 0.0pt)
* \paperwidth=364.19536pt
* \paperheight=273.14662pt
* \textwidth=307.28987pt
* \textheight=244.6939pt
* \oddsidemargin=-43.81725pt
* \evensidemargin=-43.81725pt
* \topmargin=-72.26999pt
* \headheight=14.22636pt
* \headsep=0.0pt
* \footskip=14.22636pt
* \marginparwidth=4.0pt
* \marginparsep=10.0pt
* \columnsep=10.0pt
* \skip\footins=10.0pt plus 4.0pt minus 2.0pt
* \hoffset=0.0pt
* \voffset=0.0pt
* \mag=1000
* \@twocolumnfalse
* \@twosidefalse
* \@mparswitchfalse
* \@reversemarginfalse
* (1in=72.27pt, 1cm=28.453pt)

\AtBeginShipoutBox=\box55
Package hyperref Info: Link coloring OFF on input line 3.
("C:\Program Files\MiKTeX 2.8\tex\latex\hyperref\nameref.sty"
Package: nameref 2010/01/25 v2.36 Cross-referencing by name of section

("C:\Program Files\MiKTeX 2.8\tex\latex\oberdiek\refcount.sty"
Package: refcount 2008/08/11 v3.1 Data extraction from references (HO)
)
("C:\Program Files\MiKTeX 2.8\tex\generic\oberdiek\gettitlestring.sty"
Package: gettitlestring 2009/12/18 v1.3 Cleanup title references (HO)
)
\c@section@level=\count160
)
LaTeX Info: Redefining \ref on input line 3.
LaTeX Info: Redefining \pageref on input line 3.
LaTeX Font Info:    Overwriting symbol font `operators' in version `normal'
(Font)                  OT1/cmr/m/n --> OT1/cmss/m/n on input line 3.
LaTeX Font Info:    Overwriting symbol font `operators' in version `bold'
(Font)                  OT1/cmr/bx/n --> OT1/cmss/bx/n on input line 3.
\symnumbers=\mathgroup6
\sympureletters=\mathgroup7
LaTeX Font Info:    Overwriting math alphabet `\mathrm' in version `normal'
(Font)                  OT1/cmss/m/n --> OT1/cmr/m/n on input line 3.
LaTeX Font Info:    Redeclaring math alphabet \mathbf on input line 3.
LaTeX Font Info:    Overwriting math alphabet `\mathbf' in version `normal'
(Font)                  OT1/cmr/bx/n --> OT1/cmss/bx/n on input line 3.
LaTeX Font Info:    Overwriting math alphabet `\mathbf' in version `bold'
(Font)                  OT1/cmr/bx/n --> OT1/cmss/bx/n on input line 3.
LaTeX Font Info:    Redeclaring math alphabet \mathsf on input line 3.
LaTeX Font Info:    Overwriting math alphabet `\mathsf' in version `normal'
(Font)                  OT1/cmss/m/n --> OT1/cmss/m/n on input line 3.
LaTeX Font Info:    Overwriting math alphabet `\mathsf' in version `bold'
(Font)                  OT1/cmss/bx/n --> OT1/cmss/m/n on input line 3.
LaTeX Font Info:    Redeclaring math alphabet \mathit on input line 3.
LaTeX Font Info:    Overwriting math alphabet `\mathit' in version `normal'
(Font)                  OT1/cmr/m/it --> OT1/cmss/m/it on input line 3.
LaTeX Font Info:    Overwriting math alphabet `\mathit' in version `bold'
(Font)                  OT1/cmr/bx/it --> OT1/cmss/m/it on input line 3.
LaTeX Font Info:    Redeclaring math alphabet \mathtt on input line 3.
LaTeX Font Info:    Overwriting math alphabet `\mathtt' in version `normal'
(Font)                  OT1/cmtt/m/n --> OT1/cmtt/m/n on input line 3.
LaTeX Font Info:    Overwriting math alphabet `\mathtt' in version `bold'
(Font)                  OT1/cmtt/m/n --> OT1/cmtt/m/n on input line 3.
LaTeX Font Info:    Overwriting symbol font `numbers' in version `bold'
(Font)                  OT1/cmss/m/n --> OT1/cmss/bx/n on input line 3.
LaTeX Font Info:    Overwriting symbol font `pureletters' in version `bold'
(Font)                  OT1/cmss/m/it --> OT1/cmss/bx/it on input line 3.
LaTeX Font Info:    Overwriting math alphabet `\mathrm' in version `bold'
(Font)                  OT1/cmss/bx/n --> OT1/cmr/bx/n on input line 3.
LaTeX Font Info:    Overwriting math alphabet `\mathbf' in version `bold'
(Font)                  OT1/cmss/bx/n --> OT1/cmss/bx/n on input line 3.
LaTeX Font Info:    Overwriting math alphabet `\mathsf' in version `bold'
(Font)                  OT1/cmss/m/n --> OT1/cmss/bx/n on input line 3.
LaTeX Font Info:    Overwriting math alphabet `\mathit' in version `bold'
(Font)                  OT1/cmss/m/it --> OT1/cmss/bx/it on input line 3.
LaTeX Font Info:    Overwriting math alphabet `\mathtt' in version `bold'
(Font)                  OT1/cmtt/m/n --> OT1/cmtt/bx/n on input line 3.

("C:\Documents and Settings\Administrator\Application Data\MiKTeX\2.8\tex\latex
\translator\dicts\theorem\translator-theorem-dictionary-English.dict"
Dictionary: translator-theorem-dictionary, Language: English 
)
("C:\Documents and Settings\Administrator\My Documents\forensicEntomology\GCCFo
rensicEntBeamer2.nav")
<GCCForensicEntBeamer.pdf, id=22, page=4, 364.19562pt x 273.14648pt>
File: GCCForensicEntBeamer.pdf Graphic file (type pdf)

<use GCCForensicEntBeamer.pdf, page 4>
File: GCCForensicEntBeamer.pdf Graphic file (type pdf)
 <use GCCForensicEntBeamer.pdf, page 4>
File: GCCForensicEntBeamer.pdf Graphic file (type pdf)

<use GCCForensicEntBeamer.pdf, page 4>
File: GCCForensicEntBeamer.pdf Graphic file (type pdf)
 <use GCCForensicEntBeamer.pdf, page 4>
File: GCCForensicEntBeamer.pdf Graphic file (type pdf)

<use GCCForensicEntBeamer.pdf, page 4> [1

 <C:/Documents and Settings/Administrator/My Documents/forensicEntomology/GCCFo
rensicEntBeamer.pdf>]
<GCCForensicEntBeamer.pdf, id=86, page=1, 364.19562pt x 273.14648pt>
File: GCCForensicEntBeamer.pdf Graphic file (type pdf)

<use GCCForensicEntBeamer.pdf, page 1>
File: GCCForensicEntBeamer.pdf Graphic file (type pdf)
 <use GCCForensicEntBeamer.pdf, page 1>
File: GCCForensicEntBeamer.pdf Graphic file (type pdf)

<use GCCForensicEntBeamer.pdf, page 1> [2 <C:/Documents and Settings/Administra
tor/My Documents/forensicEntomology/GCCForensicEntBeamer.pdf>]
<GCCForensicEntBeamer.pdf, id=114, page=2, 364.19562pt x 273.14648pt>
File: GCCForensicEntBeamer.pdf Graphic file (type pdf)

<use GCCForensicEntBeamer.pdf, page 2>
File: GCCForensicEntBeamer.pdf Graphic file (type pdf)
 <use GCCForensicEntBeamer.pdf, page 2>
File: GCCForensicEntBeamer.pdf Graphic file (type pdf)

<use GCCForensicEntBeamer.pdf, page 2> [3 <C:/Documents and Settings/Administra
tor/My Documents/forensicEntomology/GCCForensicEntBeamer.pdf>]
<GCCForensicEntBeamer.pdf, id=142, page=3, 364.19562pt x 273.14648pt>
File: GCCForensicEntBeamer.pdf Graphic file (type pdf)

<use GCCForensicEntBeamer.pdf, page 3>
File: GCCForensicEntBeamer.pdf Graphic file (type pdf)
 <use GCCForensicEntBeamer.pdf, page 3>
File: GCCForensicEntBeamer.pdf Graphic file (type pdf)

<use GCCForensicEntBeamer.pdf, page 3> [4 <C:/Documents and Settings/Administra
tor/My Documents/forensicEntomology/GCCForensicEntBeamer.pdf>]
<GCCForensicEntBeamer.pdf, id=170, page=11, 364.19562pt x 273.14648pt>
File: GCCForensicEntBeamer.pdf Graphic file (type pdf)

<use GCCForensicEntBeamer.pdf, page 11>
File: GCCForensicEntBeamer.pdf Graphic file (type pdf)

<use GCCForensicEntBeamer.pdf, page 11>
File: GCCForensicEntBeamer.pdf Graphic file (type pdf)

<use GCCForensicEntBeamer.pdf, page 11> [5 <C:/Documents and Settings/Administr
ator/My Documents/forensicEntomology/GCCForensicEntBeamer.pdf>]
<GCCForensicEntBeamer.pdf, id=238, page=12, 364.19562pt x 273.14648pt>
File: GCCForensicEntBeamer.pdf Graphic file (type pdf)

<use GCCForensicEntBeamer.pdf, page 12>
File: GCCForensicEntBeamer.pdf Graphic file (type pdf)

<use GCCForensicEntBeamer.pdf, page 12>
File: GCCForensicEntBeamer.pdf Graphic file (type pdf)

<use GCCForensicEntBeamer.pdf, page 12> [6 <C:/Documents and Settings/Administr
ator/My Documents/forensicEntomology/GCCForensicEntBeamer.pdf>]
<GCCForensicEntBeamer.pdf, id=266, page=13, 364.19562pt x 273.14648pt>
File: GCCForensicEntBeamer.pdf Graphic file (type pdf)

<use GCCForensicEntBeamer.pdf, page 13>
File: GCCForensicEntBeamer.pdf Graphic file (type pdf)

<use GCCForensicEntBeamer.pdf, page 13>
File: GCCForensicEntBeamer.pdf Graphic file (type pdf)

<use GCCForensicEntBeamer.pdf, page 13> [7 <C:/Documents and Settings/Administr
ator/My Documents/forensicEntomology/GCCForensicEntBeamer.pdf>]
<GCCForensicEntBeamer.pdf, id=295, page=14, 364.19562pt x 273.14648pt>
File: GCCForensicEntBeamer.pdf Graphic file (type pdf)

<use GCCForensicEntBeamer.pdf, page 14>
File: GCCForensicEntBeamer.pdf Graphic file (type pdf)

<use GCCForensicEntBeamer.pdf, page 14>
File: GCCForensicEntBeamer.pdf Graphic file (type pdf)

<use GCCForensicEntBeamer.pdf, page 14> [8 <C:/Documents and Settings/Administr
ator/My Documents/forensicEntomology/GCCForensicEntBeamer.pdf>]
<GCCForensicEntBeamer.pdf, id=323, page=15, 364.19562pt x 273.14648pt>
File: GCCForensicEntBeamer.pdf Graphic file (type pdf)

<use GCCForensicEntBeamer.pdf, page 15>
File: GCCForensicEntBeamer.pdf Graphic file (type pdf)

<use GCCForensicEntBeamer.pdf, page 15>
File: GCCForensicEntBeamer.pdf Graphic file (type pdf)

<use GCCForensicEntBeamer.pdf, page 15> [9 <C:/Documents and Settings/Administr
ator/My Documents/forensicEntomology/GCCForensicEntBeamer.pdf>]
<GCCForensicEntBeamer.pdf, id=351, page=16, 364.19562pt x 273.14648pt>
File: GCCForensicEntBeamer.pdf Graphic file (type pdf)

<use GCCForensicEntBeamer.pdf, page 16>
File: GCCForensicEntBeamer.pdf Graphic file (type pdf)

<use GCCForensicEntBeamer.pdf, page 16>
File: GCCForensicEntBeamer.pdf Graphic file (type pdf)

<use GCCForensicEntBeamer.pdf, page 16> [10 <C:/Documents and Settings/Administ
rator/My Documents/forensicEntomology/GCCForensicEntBeamer.pdf>]
<GCCForensicEntBeamer.pdf, id=379, page=17, 364.19562pt x 273.14648pt>
File: GCCForensicEntBeamer.pdf Graphic file (type pdf)

<use GCCForensicEntBeamer.pdf, page 17>
File: GCCForensicEntBeamer.pdf Graphic file (type pdf)

<use GCCForensicEntBeamer.pdf, page 17>
File: GCCForensicEntBeamer.pdf Graphic file (type pdf)

<use GCCForensicEntBeamer.pdf, page 17> [11 <C:/Documents and Settings/Administ
rator/My Documents/forensicEntomology/GCCForensicEntBeamer.pdf>]
<GCCForensicEntBeamer.pdf, id=407, page=18, 364.19562pt x 273.14648pt>
File: GCCForensicEntBeamer.pdf Graphic file (type pdf)

<use GCCForensicEntBeamer.pdf, page 18>
File: GCCForensicEntBeamer.pdf Graphic file (type pdf)

<use GCCForensicEntBeamer.pdf, page 18>
File: GCCForensicEntBeamer.pdf Graphic file (type pdf)

<use GCCForensicEntBeamer.pdf, page 18> [12 <C:/Documents and Settings/Administ
rator/My Documents/forensicEntomology/GCCForensicEntBeamer.pdf>]
<GCCForensicEntBeamer.pdf, id=435, page=19, 364.19562pt x 273.14648pt>
File: GCCForensicEntBeamer.pdf Graphic file (type pdf)

<use GCCForensicEntBeamer.pdf, page 19>
File: GCCForensicEntBeamer.pdf Graphic file (type pdf)

<use GCCForensicEntBeamer.pdf, page 19>
File: GCCForensicEntBeamer.pdf Graphic file (type pdf)

<use GCCForensicEntBeamer.pdf, page 19> [13 <C:/Documents and Settings/Administ
rator/My Documents/forensicEntomology/GCCForensicEntBeamer.pdf>]
<GCCForensicEntBeamer.pdf, id=464, page=20, 364.19562pt x 273.14648pt>
File: GCCForensicEntBeamer.pdf Graphic file (type pdf)

<use GCCForensicEntBeamer.pdf, page 20>
File: GCCForensicEntBeamer.pdf Graphic file (type pdf)

<use GCCForensicEntBeamer.pdf, page 20>
File: GCCForensicEntBeamer.pdf Graphic file (type pdf)

<use GCCForensicEntBeamer.pdf, page 20> [14 <C:/Documents and Settings/Administ
rator/My Documents/forensicEntomology/GCCForensicEntBeamer.pdf>]
<GCCForensicEntBeamer.pdf, id=492, page=21, 364.19562pt x 273.14648pt>
File: GCCForensicEntBeamer.pdf Graphic file (type pdf)

<use GCCForensicEntBeamer.pdf, page 21>
File: GCCForensicEntBeamer.pdf Graphic file (type pdf)

<use GCCForensicEntBeamer.pdf, page 21>
File: GCCForensicEntBeamer.pdf Graphic file (type pdf)

<use GCCForensicEntBeamer.pdf, page 21> [15 <C:/Documents and Settings/Administ
rator/My Documents/forensicEntomology/GCCForensicEntBeamer.pdf>]
<GCCForensicEntBeamer.pdf, id=520, page=5, 364.19562pt x 273.14648pt>
File: GCCForensicEntBeamer.pdf Graphic file (type pdf)

<use GCCForensicEntBeamer.pdf, page 5>
File: GCCForensicEntBeamer.pdf Graphic file (type pdf)
 <use GCCForensicEntBeamer.pdf, page 5>
File: GCCForensicEntBeamer.pdf Graphic file (type pdf)

<use GCCForensicEntBeamer.pdf, page 5> [16 <C:/Documents and Settings/Administr
ator/My Documents/forensicEntomology/GCCForensicEntBeamer.pdf>]
<GCCForensicEntBeamer.pdf, id=548, page=6, 364.19562pt x 273.14648pt>
File: GCCForensicEntBeamer.pdf Graphic file (type pdf)

<use GCCForensicEntBeamer.pdf, page 6>
File: GCCForensicEntBeamer.pdf Graphic file (type pdf)
 <use GCCForensicEntBeamer.pdf, page 6>
File: GCCForensicEntBeamer.pdf Graphic file (type pdf)

<use GCCForensicEntBeamer.pdf, page 6> [17 <C:/Documents and Settings/Administr
ator/My Documents/forensicEntomology/GCCForensicEntBeamer.pdf>]
<GCCForensicEntBeamer.pdf, id=576, page=9, 364.19562pt x 273.14648pt>
File: GCCForensicEntBeamer.pdf Graphic file (type pdf)

<use GCCForensicEntBeamer.pdf, page 9>
File: GCCForensicEntBeamer.pdf Graphic file (type pdf)
 <use GCCForensicEntBeamer.pdf, page 9>
File: GCCForensicEntBeamer.pdf Graphic file (type pdf)

<use GCCForensicEntBeamer.pdf, page 9> [18 <C:/Documents and Settings/Administr
ator/My Documents/forensicEntomology/GCCForensicEntBeamer.pdf>]
<GCCForensicEntBeamer.pdf, id=604, page=10, 364.19562pt x 273.14648pt>
File: GCCForensicEntBeamer.pdf Graphic file (type pdf)

<use GCCForensicEntBeamer.pdf, page 10>
File: GCCForensicEntBeamer.pdf Graphic file (type pdf)

<use GCCForensicEntBeamer.pdf, page 10>
File: GCCForensicEntBeamer.pdf Graphic file (type pdf)

<use GCCForensicEntBeamer.pdf, page 10> [19 <C:/Documents and Settings/Administ
rator/My Documents/forensicEntomology/GCCForensicEntBeamer.pdf>]

pdfTeX warning: pdflatex (file C:/Documents and Settings/Administrator/My Docum
ents/forensicEntomology/pig_study_final.pdf): PDF inclusion: found PDF version 
<1.6>, but at most version <1.4> allowed


pdfTeX warning: pdflatex (file C:/Documents and Settings/Administrator/My Docum
ents/forensicEntomology/pig_study_final.pdf): PDF inclusion: found PDF version 
<1.6>, but at most version <1.4> allowed


pdfTeX warning: pdflatex (file C:/Documents and Settings/Administrator/My Docum
ents/forensicEntomology/pig_study_final.pdf): PDF inclusion: found PDF version 
<1.6>, but at most version <1.4> allowed
<pig_study_final.pdf, id=635, page=15, 794.97pt x 614.295pt>
File: pig_study_final.pdf Graphic file (type pdf)

<use pig_study_final.pdf, page 15>
File: pig_study_final.pdf Graphic file (type pdf)
 <use pig_study_final.pdf, page 15>
File: pig_study_final.pdf Graphic file (type pdf)

<use pig_study_final.pdf, page 15>
File: pig_study_final.pdf Graphic file (type pdf)
 <use pig_study_final.pdf, page 15>
File: pig_study_final.pdf Graphic file (type pdf)

<use pig_study_final.pdf, page 15> [20 <C:/Documents and Settings/Administrator
/My Documents/forensicEntomology/pig_study_final.pdf, page is rotated 90 degree
s>] <GCCForensicEntBeamer.pdf, id=683, page=22, 364.19562pt x 273.14648pt>
File: GCCForensicEntBeamer.pdf Graphic file (type pdf)

<use GCCForensicEntBeamer.pdf, page 22>
File: GCCForensicEntBeamer.pdf Graphic file (type pdf)

<use GCCForensicEntBeamer.pdf, page 22>
File: GCCForensicEntBeamer.pdf Graphic file (type pdf)

<use GCCForensicEntBeamer.pdf, page 22>
File: GCCForensicEntBeamer.pdf Graphic file (type pdf)

<use GCCForensicEntBeamer.pdf, page 22>
File: GCCForensicEntBeamer.pdf Graphic file (type pdf)

<use GCCForensicEntBeamer.pdf, page 22> [21 <C:/Documents and Settings/Administ
rator/My Documents/forensicEntomology/GCCForensicEntBeamer.pdf>]
<GCCForensicEntBeamer.pdf, id=726, page=23, 364.19562pt x 273.14648pt>
File: GCCForensicEntBeamer.pdf Graphic file (type pdf)

<use GCCForensicEntBeamer.pdf, page 23>
File: GCCForensicEntBeamer.pdf Graphic file (type pdf)

<use GCCForensicEntBeamer.pdf, page 23>
File: GCCForensicEntBeamer.pdf Graphic file (type pdf)

<use GCCForensicEntBeamer.pdf, page 23> [22 <C:/Documents and Settings/Administ
rator/My Documents/forensicEntomology/GCCForensicEntBeamer.pdf>]
<GCCForensicEntBeamer.pdf, id=759, page=24, 364.19562pt x 273.14648pt>
File: GCCForensicEntBeamer.pdf Graphic file (type pdf)

<use GCCForensicEntBeamer.pdf, page 24>
File: GCCForensicEntBeamer.pdf Graphic file (type pdf)

<use GCCForensicEntBeamer.pdf, page 24>
File: GCCForensicEntBeamer.pdf Graphic file (type pdf)

<use GCCForensicEntBeamer.pdf, page 24> [23 <C:/Documents and Settings/Administ
rator/My Documents/forensicEntomology/GCCForensicEntBeamer.pdf>]
<GCCForensicEntBeamer.pdf, id=791, page=7, 364.19562pt x 273.14648pt>
File: GCCForensicEntBeamer.pdf Graphic file (type pdf)

<use GCCForensicEntBeamer.pdf, page 7>
File: GCCForensicEntBeamer.pdf Graphic file (type pdf)
 <use GCCForensicEntBeamer.pdf, page 7>
File: GCCForensicEntBeamer.pdf Graphic file (type pdf)

<use GCCForensicEntBeamer.pdf, page 7> [24 <C:/Documents and Settings/Administr
ator/My Documents/forensicEntomology/GCCForensicEntBeamer.pdf>]
<GCCForensicEntBeamer.pdf, id=818, page=8, 364.19562pt x 273.14648pt>
File: GCCForensicEntBeamer.pdf Graphic file (type pdf)

<use GCCForensicEntBeamer.pdf, page 8>
File: GCCForensicEntBeamer.pdf Graphic file (type pdf)
 <use GCCForensicEntBeamer.pdf, page 8>
File: GCCForensicEntBeamer.pdf Graphic file (type pdf)

<use GCCForensicEntBeamer.pdf, page 8> [25 <C:/Documents and Settings/Administr
ator/My Documents/forensicEntomology/GCCForensicEntBeamer.pdf>]
\tf@nav=\write4
\tf@toc=\write5
\tf@snm=\write6
Package atveryend Info: Empty hook `BeforeClearDocument' on input line 8.
Package atveryend Info: Empty hook `AfterLastShipout' on input line 8.

("C:\Documents and Settings\Administrator\My Documents\forensicEntomology\GCCFo
rensicEntBeamer2.aux")
Package atveryend Info: Empty hook `AtVeryEndDocument' on input line 8.
 ) 
Here is how much of TeX's memory you used:
 13476 strings out of 495269
 245714 string characters out of 3180086
 319764 words of memory out of 3000000
 16332 multiletter control sequences out of 15000+200000
 4545 words of font info for 17 fonts, out of 3000000 for 9000
 14 hyphenation exceptions out of 8191
 41i,18n,51p,422b,579s stack positions out of 5000i,500n,10000p,200000b,50000s

Output written on GCCForensicEntBeamer2.pdf (25 pages, 3286528 bytes).
PDF statistics:
 856 PDF objects out of 1000 (max. 8388607)
 26 named destinations out of 1000 (max. 500000)
 213 words of extra memory for PDF output out of 10000 (max. 10000000)

